<?xml version="1.0" encoding="UTF-8"?>
<!-- Generated by org.testng.reporters.JUnitReportReporter -->
<testsuite hostname="CHI1040" name="test.testcases.PaintCalculatorTest" tests="1" failures="0" timestamp="24 Jan 2018 22:36:35 GMT" time="7.640" errors="0">
  <testcase name="verifyPaintCalculator" time="7.640" classname="test.testcases.PaintCalculatorTest"/>
</testsuite> <!-- test.testcases.PaintCalculatorTest -->
